<?xml version="1.0" encoding="UTF-8"?>
<!-- Generated by org.testng.reporters.JUnitReportReporter -->
<testsuite hostname="DESKTOP-B4ND95H" failures="0" tests="9" name="com.testNGScripts.TestNgTestAttributes" time="1.067" errors="1" timestamp="2022-10-15T21:55:40 IST" skipped="1">
  <testcase classname="com.testNGScripts.TestNgTestAttributes" name="test_timeout" time="1.009">
    <error message="Method com.testNGScripts.TestNgTestAttributes.test_timeout() didn&#039;t finish within the time-out 1000" type="org.testng.internal.thread.ThreadTimeoutException">
      <![CDATA[org.testng.internal.thread.ThreadTimeoutException: Method com.testNGScripts.TestNgTestAttributes.test_timeout() didn't finish within the time-out 1000
at java.base@11.0.13/java.lang.Thread.sleep(Native Method)
at app//com.testNGScripts.TestNgTestAttributes.test_timeout(TestNgTestAttributes.java:50)
at java.base@11.0.13/jdk.internal.reflect.NativeMethodAccessorImpl.invoke0(Native Method)
at java.base@11.0.13/jdk.internal.reflect.NativeMethodAccessorImpl.invoke(NativeMethodAccessorImpl.java:62)
at java.base@11.0.13/jdk.internal.reflect.DelegatingMethodAccessorImpl.invoke(DelegatingMethodAccessorImpl.java:43)
at java.base@11.0.13/java.lang.reflect.Method.invoke(Method.java:566)
at app//org.testng.internal.invokers.MethodInvocationHelper.invokeMethod(MethodInvocationHelper.java:135)
at app//org.testng.internal.invokers.InvokeMethodRunnable.runOne(InvokeMethodRunnable.java:44)
at app//org.testng.internal.invokers.InvokeMethodRunnable.call(InvokeMethodRunnable.java:72)
at app//org.testng.internal.invokers.InvokeMethodRunnable.call(InvokeMethodRunnable.java:10)
at java.base@11.0.13/java.util.concurrent.FutureTask.run(FutureTask.java:264)
at java.base@11.0.13/java.util.concurrent.ThreadPoolExecutor.runWorker(ThreadPoolExecutor.java:1128)
at java.base@11.0.13/java.util.concurrent.ThreadPoolExecutor$Worker.run(ThreadPoolExecutor.java:628)
at java.base@11.0.13/java.lang.Thread.run(Thread.java:834)
]]>
    </error>
  </testcase> <!-- test_timeout -->
  <system-out/>
  <testcase classname="com.testNGScripts.TestNgTestAttributes" name="test" time="0.029"/>
  <system-out/>
  <testcase classname="com.testNGScripts.TestNgTestAttributes" name="testDesc" time="0.014"/>
  <system-out/>
  <testcase classname="com.testNGScripts.TestNgTestAttributes" name="test_invocation" time="0.005"/>
  <system-out/>
  <testcase classname="com.testNGScripts.TestNgTestAttributes" name="test_invocation" time="0.004"/>
  <system-out/>
  <testcase classname="com.testNGScripts.TestNgTestAttributes" name="aestqq" time="0.002"/>
  <system-out/>
  <testcase classname="com.testNGScripts.TestNgTestAttributes" name="sub" time="0.002"/>
  <system-out/>
  <testcase classname="com.testNGScripts.TestNgTestAttributes" name="add" time="0.002"/>
  <system-out/>
  <testcase classname="com.testNGScripts.TestNgTestAttributes" name="testEnabled">
    <skipped/>
  </testcase> <!-- testEnabled -->
  <system-out/>
</testsuite> <!-- com.testNGScripts.TestNgTestAttributes -->
